22:03:42 - menu_choice: 8 - Вывод меню
22:03:42 - view_file_csv: 27 - Просмотр базы данных
22:03:50 - menu_choice: 8 - Вывод меню
22:04:29 - add_row_in_file_csv: 39 - Добавление новой записи в базу, id 15 
22:05:02 - menu_choice: 8 - Вывод меню
22:05:03 - change_row_in_file_csv: 58 - Изменение записи базы данных, id 23 не найден
22:05:07 - menu_choice: 8 - Вывод меню
22:05:10 - change_row_in_file_csv: 46 - Изменение записи базы данных, id 5
12:11:17 - menu_choice: 8 - Вывод меню
12:11:17 - view_file_csv: 27 - Просмотр базы данных
12:11:31 - menu_choice: 8 - Вывод меню
12:13:29 - menu_choice: 8 - Вывод меню
12:15:48 - menu_choice: 8 - Вывод меню
12:16:17 - menu_choice: 8 - Вывод меню
12:16:18 - change_row_in_file_csv: 59 - Изменение записи базы данных, id 23 не найден
12:16:24 - menu_choice: 8 - Вывод меню
12:16:26 - change_row_in_file_csv: 47 - Изменение записи базы данных, id 2
12:18:23 - menu_choice: 8 - Вывод меню
12:18:23 - view_file_csv: 27 - Просмотр базы данных
12:18:33 - menu_choice: 8 - Вывод меню
12:18:34 - change_row_in_file_csv: 59 - Изменение записи базы данных, id 34 не найден
20:04:43 - menu_choice: 8 - Вывод меню
